<?xml version="1.0" encoding="UTF-8"?>
<!-- Generated by org.testng.reporters.JUnitReportReporter -->
<testsuite hostname="DESKTOP-BBKKRH3" failures="0" tests="1" name="CURA.LoginPage" time="17.009" errors="0" timestamp="2024-03-26T12:46:49 IST" skipped="0">
  <testcase classname="CURA.LoginPage" name="loginTest" time="17.009"/>
  <system-out/>
</testsuite> <!-- CURA.LoginPage -->
