<?xml version="1.0" encoding="UTF-8"?>
<!-- Generated by org.testng.reporters.JUnitReportReporter -->
<testsuite hostname="DESKTOP-BBKKRH3" failures="0" tests="2" name="TC.HomePage" time="33.934" errors="0" timestamp="2024-03-27T18:13:38 IST" skipped="0">
  <testcase classname="TC.HomePage" name="test01" time="16.880"/>
  <system-out/>
  <testcase classname="TC.HomePage" name="test02" time="17.054"/>
  <system-out/>
</testsuite> <!-- TC.HomePage -->
