<?xml version="1.0" encoding="UTF-8"?>
<!-- Generated by org.testng.reporters.JUnitReportReporter -->
<testsuite hostname="DESKTOP-BBKKRH3" failures="0" tests="5" name="TC.LoginPage" time="32.904" errors="0" timestamp="2024-03-28T15:27:48 IST" skipped="0">
  <testcase classname="TC.LoginPage" name="testcase_01" time="4.398"/>
  <system-out/>
  <testcase classname="TC.LoginPage" name="testcase_04" time="6.300"/>
  <system-out/>
  <testcase classname="TC.LoginPage" name="testcase_02" time="8.314"/>
  <system-out/>
  <testcase classname="TC.LoginPage" name="testcase_05" time="6.018"/>
  <system-out/>
  <testcase classname="TC.LoginPage" name="testcase_03" time="7.874"/>
  <system-out/>
</testsuite> <!-- TC.LoginPage -->
