<?xml version="1.0" encoding="UTF-8"?>
<!-- Generated by org.testng.reporters.JUnitReportReporter -->
<testsuite hostname="DESKTOP-BBKKRH3" failures="0" tests="7" name="TC.HomePage" time="44.385" errors="0" timestamp="2024-03-29T18:18:34 IST" skipped="0">
  <testcase classname="TC.HomePage" name="test02" time="6.139"/>
  <system-out/>
  <testcase classname="TC.HomePage" name="test04" time="5.533"/>
  <system-out/>
  <testcase classname="TC.HomePage" name="test01" time="7.536"/>
  <system-out/>
  <testcase classname="TC.HomePage" name="test03" time="6.425"/>
  <system-out/>
  <testcase classname="TC.HomePage" name="test07" time="6.202"/>
  <system-out/>
  <testcase classname="TC.HomePage" name="test05" time="5.707"/>
  <system-out/>
  <testcase classname="TC.HomePage" name="test06" time="6.843"/>
  <system-out/>
</testsuite> <!-- TC.HomePage -->
